#
# A fatal error has been detected by the Java Runtime Environment:
#
#  EXCEPTION_ACCESS_VIOLATION (0xc0000005) at pc=0x00007ffda59cd69a, pid=2560, tid=25980
#
# JRE version: OpenJDK Runtime Environment Temurin-17.0.2+8 (17.0.2+8) (build 17.0.2+8)
# Java VM: OpenJDK 64-Bit Server VM Temurin-17.0.2+8 (17.0.2+8, mixed mode, emulated-client, tiered, compressed oops, compressed class ptrs, g1 gc, windows-amd64)
# Problematic frame:
# V  [jvm.dll+0x79d69a]
#
# No core dump will be written. Minidumps are not enabled by default on client versions of Windows
#
# If you would like to submit a bug report, please visit:
#   https://github.com/adoptium/adoptium-support/issues
#

---------------  S U M M A R Y ------------

Command Line: -XX:+ShowCodeDetailsInExceptionMessages -agentlib:jdwp=transport=dt_socket,suspend=y,address=localhost:49448 -Dcom.sun.management.jmxremote -Dcom.sun.management.jmxremote.port=49446 -Dcom.sun.management.jmxremote.authenticate=false -Dcom.sun.management.jmxremote.ssl=false -Djava.rmi.server.hostname=localhost -Dspring.jmx.enabled=true -Dspring.application.admin.enabled=true -XX:TieredStopAtLevel=1 -Dspring.boot.project.name=comercio -javaagent:D:\Desarrollo\IDEs\sts-4.14.0.RELEASE\configuration\org.eclipse.osgi\265\0\.cp\lib\javaagent-shaded.jar -Dfile.encoding=UTF-8 ec.com.comercio.ComercioApplication --spring.output.ansi.enabled=always

Host: Intel(R) Core(TM) i7-7700HQ CPU @ 2.80GHz, 8 cores, 15G,  Windows 10 , 64 bit Build 19041 (10.0.19041.1645)
Time: Sun May  1 17:12:01 2022 Hora est. Pacífico, Sudamérica elapsed time: 911.925466 seconds (0d 0h 15m 11s)

---------------  T H R E A D  ---------------

Current thread (0x00000246e1e939d0):  JavaThread "JDWP Transport Listener: dt_socket" daemon [_thread_in_vm, id=25980, stack(0x000000cac2a00000,0x000000cac2b00000)]

Stack: [0x000000cac2a00000,0x000000cac2b00000],  sp=0x000000cac2aff170,  free space=1020k
Native frames: (J=compiled Java code, j=interpreted, Vv=VM code, C=native code)
V  [jvm.dll+0x79d69a]
V  [jvm.dll+0x50842c]
V  [jvm.dll+0x4cfa94]
C  [jdwp.dll+0x22dff]


siginfo: EXCEPTION_ACCESS_VIOLATION (0xc0000005), reading address 0x0000000000060009


Register to memory mapping:

RIP=0x00007ffda59cd69a jvm.dll
RAX=0x0000000000000029 is an unknown value
RBX=0x00000246e1cab134 points into unknown readable memory: 63 2f 63 6f
RCX=0x0000000000060005 is an unknown value
RDX=0x00000246e431a8f0 points into unknown readable memory: 0x2f6d6f632f63654c | 4c 65 63 2f 63 6f 6d 2f
RSP=0x000000cac2aff170 is pointing into the stack for thread: 0x00000246e1e939d0
RBP=0x00000246e1e86ed0 points into unknown readable memory: 0x0000000200000002 | 02 00 00 00 02 00 00 00
RSI=0x0 is NULL
RDI=0xffffffffffffffff is an unknown value
R8 =0x0000000000000043 is an unknown value
R9 =0x0000000000000040 is an unknown value
R10=0x0000000000000040 is an unknown value
R11=0x000000cac2aff190 is pointing into the stack for thread: 0x00000246e1e939d0
R12=0x000000cac2aff2c8 is pointing into the stack for thread: 0x00000246e1e939d0
R13=0x0 is NULL
R14=0x0000000800381238 is a pointer to class: 
ec.com.comercio.controllers.TransaccionController {0x0000000800381240}
 - instance size:     3
 - klass size:        70
 - access:            public synchronized 
 - state:             fully_initialized
 - name:              'ec/com/comercio/controllers/TransaccionController'
 - super:             'ec/com/comercio/common/CommonController'
 - sub:               
 - arrays:            NULL
 - methods:           Array<T>(0x00000246e844e128)
 - method ordering:   Array<T>(0x00000246e844e318)
 - default_methods:   Array<T>(0x0000000000000000)
 - local interfaces:  Array<T>(0x00000246e1400058)
 - trans. interfaces: Array<T>(0x00000246e1400058)
 - constants:         constant pool [141] {0x00000246e844ea60} for 'ec/com/comercio/controllers/TransaccionController' cache=0x00000246e844ef80
 - class loader data:  loader data: 0x00000246e395e980 for instance a 'org/springframework/boot/devtools/restart/classloader/RestartClassLoader'{0x0000000702404a00}
 - source file:       'TransaccionController.java'
 - source debug extension:       SMAP
TransaccionController.java
Java
*S jdt
*F
1 TransaccionController.java
2 file:/D:/Desarrollo/david_sanguano-Comercio/comercio/target/classes/
*L
*E

 - class annotations:       Array<T>(0x00000246e844e2d8)
 - class type annotations:  Array<T>(0x0000000000000000)
 - field annotations:       Array<T>(0x0000000000000000)
 - field type annotations:  Array<T>(0x0000000000000000)
 - previous version:  constant pool [132] {0x00000246e5126b98} for 'ec/com/comercio/controllers/TransaccionController' (extra) cache=0x00000246e7e459e0
 - generic signature: '
[error occurred during error reporting (printing register info), id 0xc0000005, EXCEPTION_ACCESS_VIOLATION (0xc0000005) at pc=0x00007ffda59ce2a6]

Registers:
RAX=0x0000000000000029, RBX=0x00000246e1cab134, RCX=0x0000000000060005, RDX=0x00000246e431a8f0
RSP=0x000000cac2aff170, RBP=0x00000246e1e86ed0, RSI=0x0000000000000000, RDI=0xffffffffffffffff
R8 =0x0000000000000043, R9 =0x0000000000000040, R10=0x0000000000000040, R11=0x000000cac2aff190
R12=0x000000cac2aff2c8, R13=0x0000000000000000, R14=0x0000000800381238, R15=0x000000cac2aff2f0
RIP=0x00007ffda59cd69a, EFLAGS=0x0000000000010202

Top of Stack: (sp=0x000000cac2aff170)
0x000000cac2aff170:   0000000000000031 0000000800381238
0x000000cac2aff180:   00000246e4328250 00007ffe078347b1
0x000000cac2aff190:   ffffffffffffffff 00007ffda573842c
0x000000cac2aff1a0:   00000246e1cab134 00000246e1cab100
0x000000cac2aff1b0:   00000246e1e86ed0 0000000000000000
0x000000cac2aff1c0:   00000246e1cab0b0 00000000000003d8
0x000000cac2aff1d0:   00000246e1cab0c0 00000246e1cab498
0x000000cac2aff1e0:   0000000000018701 000000cac2aff2c8
0x000000cac2aff1f0:   0000000000000007 00000246e1e93c78
0x000000cac2aff200:   0000000702224e58 00007ffda56ffa94
0x000000cac2aff210:   00000246e1e939d0 000000cac2aff2f0
0x000000cac2aff220:   00000246ce90bd90 000000cac2aff2f0
0x000000cac2aff230:   00000246e1e939d0 0000000000000000
0x000000cac2aff240:   0000000000000000 0000000000000000
0x000000cac2aff250:   00000246e1e9cae0 00007ffdf3db2dff
0x000000cac2aff260:   000000cac2aff2e8 00007ffdf3dc1aa0 

Instructions: (pc=0x00007ffda59cd69a)
0x00007ffda59cd59a:   48 83 c4 20 5f e9 4c 8d 90 ff cc cc cc cc cc cc
0x00007ffda59cd5aa:   cc cc cc cc cc cc 48 89 5c 24 08 57 48 83 ec 20
0x00007ffda59cd5ba:   83 fa 02 8d 42 06 b9 08 00 00 00 49 8b d8 0f 4e
0x00007ffda59cd5ca:   c1 48 63 c8 48 83 c1 07 83 e1 f8 48 63 f9 49 8b
0x00007ffda59cd5da:   48 18 48 8b c7 48 f7 d0 48 3b c1 73 16 4c 8d 05
0x00007ffda59cd5ea:   da 4c 17 00 48 8b d7 48 8b cb e8 57 f0 90 ff 48
0x00007ffda59cd5fa:   8b 4b 18 48 8d 04 39 48 3b 43 20 76 18 45 33 c0
0x00007ffda59cd60a:   48 8b d7 48 8b cb 48 8b 5c 24 30 48 83 c4 20 5f
0x00007ffda59cd61a:   e9 b1 ec 90 ff 48 89 43 18 48 8b c1 48 8b 5c 24
0x00007ffda59cd62a:   30 48 83 c4 20 5f c3 cc cc cc cc cc cc cc cc cc
0x00007ffda59cd63a:   cc cc cc cc cc cc 4c 8b d2 4c 8b d9 45 85 c0 7e
0x00007ffda59cd64a:   3c 44 0f b7 49 04 41 8d 40 ff 41 3b c1 44 0f 4c
0x00007ffda59cd65a:   c8 4d 63 c1 45 85 c9 7e 1f 48 8b c2 4c 2b da 49
0x00007ffda59cd66a:   8b d0 0f 1f 40 00 41 0f b6 4c 03 06 88 08 48 8d
0x00007ffda59cd67a:   40 01 48 83 ea 01 75 ee 43 c6 04 10 00 49 8b c2
0x00007ffda59cd68a:   c3 cc cc cc cc cc 48 89 5c 24 08 57 48 83 ec 20
0x00007ffda59cd69a:   0f b7 59 04 48 8b f9 33 d2 48 8d 4b 01 e8 84 df
0x00007ffda59cd6aa:   f2 ff 0f b7 57 04 4c 8b c0 3b da 0f 42 d3 44 8b
0x00007ffda59cd6ba:   ca 85 d2 74 39 48 2b f8 0f 1f 40 00 66 66 0f 1f
0x00007ffda59cd6ca:   84 00 00 00 00 00 0f b6 4c 07 06 88 08 48 ff c0
0x00007ffda59cd6da:   48 8b c8 49 2b c8 49 3b c9 7c eb 42 c6 04 02 00
0x00007ffda59cd6ea:   49 8b c0 48 8b 5c 24 30 48 83 c4 20 5f c3 48 8b
0x00007ffda59cd6fa:   5c 24 30 c6 04 02 00 48 83 c4 20 5f c3 cc cc cc
0x00007ffda59cd70a:   cc cc cc cc cc cc 4c 8b d1 45 85 c0 7e 6c 44 0f
0x00007ffda59cd71a:   b7 49 04 41 8d 40 ff 41 3b c1 44 0f 4c c8 4d 63
0x00007ffda59cd72a:   d9 45 85 c9 7e 22 48 8b ca 4c 2b d2 4d 8b c3 0f
0x00007ffda59cd73a:   1f 80 00 00 00 00 41 0f b6 44 0a 06 88 01 48 8d
0x00007ffda59cd74a:   49 01 49 83 e8 01 75 ee 41 c6 04 13 00 48 c7 c0
0x00007ffda59cd75a:   ff ff ff ff 66 90 48 ff c0 80 3c 02 00 75 f7 48
0x00007ffda59cd76a:   63 c8 85 c0 48 8b c2 7e 14 80 38 2f 75 03 c6 00
0x00007ffda59cd77a:   2e 48 ff c0 48 83 e9 01 75 ef 48 8b c2 c3 cc cc
0x00007ffda59cd78a:   cc cc cc cc cc cc 48 83 ec 28 e8 f7 fe ff ff 4c 


Stack slot to memory mapping:
stack at sp + 0 slots: 0x0000000000000031 is an unknown value
stack at sp + 1 slots: 0x0000000800381238 is a pointer to class: 
ec.com.comercio.controllers.TransaccionController {0x0000000800381240}
 - instance size:     3
 - klass size:        70
 - access:            public synchronized 
 - state:             fully_initialized
 - name:              'ec/com/comercio/controllers/TransaccionController'
 - super:             'ec/com/comercio/common/CommonController'
 - sub:               
 - arrays:            NULL
 - methods:           Array<T>(0x00000246e844e128)
 - method ordering:   Array<T>(0x00000246e844e318)
 - default_methods:   Array<T>(0x0000000000000000)
 - local interfaces:  Array<T>(0x00000246e1400058)
 - trans. interfaces: Array<T>(0x00000246e1400058)
 - constants:         constant pool [141] {0x00000246e844ea60} for 'ec/com/comercio/controllers/TransaccionController' cache=0x00000246e844ef80
 - class loader data:  loader data: 0x00000246e395e980 for instance a 'org/springframework/boot/devtools/restart/classloader/RestartClassLoader'{0x0000000702404a00}
 - source file:       'TransaccionController.java'
 - source debug extension:       SMAP
TransaccionController.java
Java
*S jdt
*F
1 TransaccionController.java
2 file:/D:/Desarrollo/david_sanguano-Comercio/comercio/target/classes/
*L
*E

 - class annotations:       Array<T>(0x00000246e844e2d8)
 - class type annotations:  Array<T>(0x0000000000000000)
 - field annotations:       Array<T>(0x0000000000000000)
 - field type annotations:  Array<T>(0x0000000000000000)
 - previous version:  constant pool [132] {0x00000246e5126b98} for 'ec/com/comercio/controllers/TransaccionController' (extra) cache=0x00000246e7e459e0
 - generic signature: '
[error occurred during error reporting (inspecting top of stack), id 0xc0000005, EXCEPTION_ACCESS_VIOLATION (0xc0000005) at pc=0x00007ffda59ce2a6]


---------------  P R O C E S S  ---------------

Threads class SMR info:
_java_thread_list=0x00000246e5e89110, length=39, elements={
0x00000246e1c0f0e0, 0x00000246e1c414c0, 0x00000246e1c56750, 0x00000246e1c57300,
0x00000246e1c5acd0, 0x00000246e1c5b680, 0x00000246e1c5c640, 0x00000246e1c84400,
0x00000246e1d49a60, 0x00000246e1e939d0, 0x00000246e1e94680, 0x00000246e1e95b80,
0x00000246e27dbf10, 0x00000246e29ef000, 0x00000246e2a1b340, 0x00000246e2a1dbc0,
0x00000246e399b550, 0x00000246e39a40d0, 0x00000246e38c9ab0, 0x00000246e38c7900,
0x00000246e38c7430, 0x00000246e38c65c0, 0x00000246e38c8770, 0x00000246e38c6a90,
0x00000246e3f810b0, 0x00000246e3f7dbc0, 0x00000246e3f7d220, 0x00000246e3f7f8a0,
0x00000246e3f80240, 0x00000246e3f80710, 0x00000246e3f7cd50, 0x00000246e3f81580,
0x00000246e3f7d6f0, 0x00000246e3f7fd70, 0x00000246e3f7e090, 0x00000246e3f7ef00,
0x00000246e3f7c880, 0x00000246e3f7e560, 0x00000246e3f7ea30
}

Java Threads: ( => current thread )
  0x00000246e1c0f0e0 JavaThread "Reference Handler" daemon [_thread_blocked, id=26396, stack(0x000000cac1e00000,0x000000cac1f00000)]
  0x00000246e1c414c0 JavaThread "Finalizer" daemon [_thread_blocked, id=24608, stack(0x000000cac1f00000,0x000000cac2000000)]
  0x00000246e1c56750 JavaThread "Signal Dispatcher" daemon [_thread_blocked, id=24364, stack(0x000000cac2000000,0x000000cac2100000)]
  0x00000246e1c57300 JavaThread "Attach Listener" daemon [_thread_blocked, id=11184, stack(0x000000cac2100000,0x000000cac2200000)]
  0x00000246e1c5acd0 JavaThread "Service Thread" daemon [_thread_blocked, id=24352, stack(0x000000cac2200000,0x000000cac2300000)]
  0x00000246e1c5b680 JavaThread "Monitor Deflation Thread" daemon [_thread_blocked, id=12424, stack(0x000000cac2300000,0x000000cac2400000)]
  0x00000246e1c5c640 JavaThread "C1 CompilerThread0" daemon [_thread_blocked, id=17552, stack(0x000000cac2400000,0x000000cac2500000)]
  0x00000246e1c84400 JavaThread "Sweeper thread" daemon [_thread_blocked, id=18144, stack(0x000000cac2500000,0x000000cac2600000)]
  0x00000246e1d49a60 JavaThread "Common-Cleaner" daemon [_thread_blocked, id=6888, stack(0x000000cac2600000,0x000000cac2700000)]
=>0x00000246e1e939d0 JavaThread "JDWP Transport Listener: dt_socket" daemon [_thread_in_vm, id=25980, stack(0x000000cac2a00000,0x000000cac2b00000)]
  0x00000246e1e94680 JavaThread "JDWP Event Helper Thread" daemon [_thread_blocked, id=8992, stack(0x000000cac2b00000,0x000000cac2c00000)]
  0x00000246e1e95b80 JavaThread "JDWP Command Reader" daemon [_thread_in_native, id=18556, stack(0x000000cac2c00000,0x000000cac2d00000)]
  0x00000246e27dbf10 JavaThread "Notification Thread" daemon [_thread_blocked, id=24296, stack(0x000000cac2d00000,0x000000cac2e00000)]
  0x00000246e29ef000 JavaThread "RMI TCP Accept-0" daemon [_thread_in_native, id=15208, stack(0x000000cac2e00000,0x000000cac2f00000)]
  0x00000246e2a1b340 JavaThread "RMI TCP Accept-49446" daemon [_thread_in_native, id=21932, stack(0x000000cac2f00000,0x000000cac3000000)]
  0x00000246e2a1dbc0 JavaThread "RMI TCP Accept-0" daemon [_thread_in_native, id=19284, stack(0x000000cac3000000,0x000000cac3100000)]
  0x00000246e399b550 JavaThread "RMI Scheduler(0)" daemon [_thread_blocked, id=5908, stack(0x000000cac3d00000,0x000000cac3e00000)]
  0x00000246e39a40d0 JavaThread "RMI TCP Connection(17)-127.0.0.1" daemon [_thread_in_native, id=12052, stack(0x000000cac3e00000,0x000000cac3f00000)]
  0x00000246e38c9ab0 JavaThread "JMX server connection timeout 28" daemon [_thread_blocked, id=15344, stack(0x000000cac4000000,0x000000cac4100000)]
  0x00000246e38c7900 JavaThread "Catalina-utility-1" [_thread_blocked, id=23440, stack(0x000000cac4200000,0x000000cac4300000)]
  0x00000246e38c7430 JavaThread "Catalina-utility-2" [_thread_blocked, id=20920, stack(0x000000cac4300000,0x000000cac4400000)]
  0x00000246e38c65c0 JavaThread "container-0" [_thread_blocked, id=14612, stack(0x000000cac4400000,0x000000cac4500000)]
  0x00000246e38c8770 JavaThread "mysql-cj-abandoned-connection-cleanup" daemon [_thread_blocked, id=27916, stack(0x000000cac4500000,0x000000cac4600000)]
  0x00000246e38c6a90 JavaThread "HikariPool-1 housekeeper" daemon [_thread_blocked, id=6376, stack(0x000000cac4700000,0x000000cac4800000)]
  0x00000246e3f810b0 JavaThread "File Watcher" daemon [_thread_blocked, id=15452, stack(0x000000cac4900000,0x000000cac4a00000)]
  0x00000246e3f7dbc0 JavaThread "Live Reload Server" daemon [_thread_in_native, id=20796, stack(0x000000cac4b00000,0x000000cac4c00000)]
  0x00000246e3f7d220 JavaThread "http-nio-8080-exec-1" daemon [_thread_blocked, id=6408, stack(0x000000cac4a00000,0x000000cac4b00000)]
  0x00000246e3f7f8a0 JavaThread "http-nio-8080-exec-2" daemon [_thread_blocked, id=18896, stack(0x000000cac4c00000,0x000000cac4d00000)]
  0x00000246e3f80240 JavaThread "http-nio-8080-exec-3" daemon [_thread_blocked, id=23632, stack(0x000000cac4d00000,0x000000cac4e00000)]
  0x00000246e3f80710 JavaThread "http-nio-8080-exec-4" daemon [_thread_blocked, id=13784, stack(0x000000cac4e00000,0x000000cac4f00000)]
  0x00000246e3f7cd50 JavaThread "http-nio-8080-exec-5" daemon [_thread_blocked, id=7568, stack(0x000000cac4f00000,0x000000cac5000000)]
  0x00000246e3f81580 JavaThread "http-nio-8080-exec-6" daemon [_thread_blocked, id=23972, stack(0x000000cac5000000,0x000000cac5100000)]
  0x00000246e3f7d6f0 JavaThread "http-nio-8080-exec-7" daemon [_thread_blocked, id=3512, stack(0x000000cac5100000,0x000000cac5200000)]
  0x00000246e3f7fd70 JavaThread "http-nio-8080-exec-8" daemon [_thread_blocked, id=4944, stack(0x000000cac5200000,0x000000cac5300000)]
  0x00000246e3f7e090 JavaThread "http-nio-8080-exec-9" daemon [_thread_blocked, id=27976, stack(0x000000cac5300000,0x000000cac5400000)]
  0x00000246e3f7ef00 JavaThread "http-nio-8080-exec-10" daemon [_thread_blocked, id=16688, stack(0x000000cac5400000,0x000000cac5500000)]
  0x00000246e3f7c880 JavaThread "http-nio-8080-Poller" daemon [_thread_in_native, id=1700, stack(0x000000cac5500000,0x000000cac5600000)]
  0x00000246e3f7e560 JavaThread "http-nio-8080-Acceptor" daemon [_thread_in_native, id=1656, stack(0x000000cac5600000,0x000000cac5700000)]
  0x00000246e3f7ea30 JavaThread "DestroyJavaVM" [_thread_blocked, id=16876, stack(0x000000cac1700000,0x000000cac1800000)]

Other Threads:
  0x00000246e12dd670 VMThread "VM Thread" [stack: 0x000000cac1d00000,0x000000cac1e00000] [id=24360]
  0x00000246ce98a690 WatcherThread [stack: 0x000000cac3100000,0x000000cac3200000] [id=22940]
  0x00000246ce96ed70 GCTaskThread "GC Thread#0" [stack: 0x000000cac1800000,0x000000cac1900000] [id=20928]
  0x00000246e29eb510 GCTaskThread "GC Thread#1" [stack: 0x000000cac3200000,0x000000cac3300000] [id=17712]
  0x00000246e29eb7c0 GCTaskThread "GC Thread#2" [stack: 0x000000cac3300000,0x000000cac3400000] [id=1376]
  0x00000246e29eba70 GCTaskThread "GC Thread#3" [stack: 0x000000cac3400000,0x000000cac3500000] [id=7744]
  0x00000246e29ec130 GCTaskThread "GC Thread#4" [stack: 0x000000cac3500000,0x000000cac3600000] [id=14296]
  0x00000246e29ec7f0 GCTaskThread "GC Thread#5" [stack: 0x000000cac3600000,0x000000cac3700000] [id=7268]
  0x00000246e2a540f0 GCTaskThread "GC Thread#6" [stack: 0x000000cac3700000,0x000000cac3800000] [id=20208]
  0x00000246e2a70eb0 GCTaskThread "GC Thread#7" [stack: 0x000000cac3800000,0x000000cac3900000] [id=27212]
  0x00000246ce980290 ConcurrentGCThread "G1 Main Marker" [stack: 0x000000cac1900000,0x000000cac1a00000] [id=12692]
  0x00000246ce980ca0 ConcurrentGCThread "G1 Conc#0" [stack: 0x000000cac1a00000,0x000000cac1b00000] [id=22376]
  0x00000246e3b22270 ConcurrentGCThread "G1 Conc#1" [stack: 0x000000cac4100000,0x000000cac4200000] [id=16704]
  0x00000246e118c510 ConcurrentGCThread "G1 Refine#0" [stack: 0x000000cac1b00000,0x000000cac1c00000] [id=28164]
  0x00000246e2a71980 ConcurrentGCThread "G1 Refine#1" [stack: 0x000000cac3900000,0x000000cac3a00000] [id=12948]
  0x00000246e2a71e70 ConcurrentGCThread "G1 Refine#2" [stack: 0x000000cac3a00000,0x000000cac3b00000] [id=760]
  0x00000246e118de50 ConcurrentGCThread "G1 Service" [stack: 0x000000cac1c00000,0x000000cac1d00000] [id=27384]

Threads with active compile tasks:

VM state: not at safepoint (normal execution)

VM Mutex/Monitor currently owned by a thread: None

Heap address: 0x0000000701c00000, size: 4068 MB, Compressed Oops mode: Zero based, Oop shift amount: 3

CDS archive(s) not mapped
Compressed class space mapped at: 0x0000000800000000-0x0000000840000000, reserved size: 1073741824
Narrow klass base: 0x0000000800000000, Narrow klass shift: 0, Narrow klass range: 0x40000000

GC Precious Log:
 CPUs: 8 total, 8 available
 Memory: 16268M
 Large Page Support: Disabled
 NUMA Support: Disabled
 Compressed Oops: Enabled (Zero based)
 Heap Region Size: 2M
 Heap Min Capacity: 8M
 Heap Initial Capacity: 256M
 Heap Max Capacity: 4068M
 Pre-touch: Disabled
 Parallel Workers: 8
 Concurrent Workers: 2
 Concurrent Refinement Workers: 8
 Periodic GC: Disabled

Heap:
 garbage-first heap   total 90112K, used 58614K [0x0000000701c00000, 0x0000000800000000)
  region size 2048K, 17 young (34816K), 1 survivors (2048K)
 Metaspace       used 70502K, committed 71040K, reserved 1114112K
  class space    used 9279K, committed 9536K, reserved 1048576K

Heap Regions: E=young(eden), S=young(survivor), O=old, HS=humongous(starts), HC=humongous(continues), CS=collection set, F=free, OA=open archive, CA=closed archive, TAMS=top-at-mark-start (previous, next)
|   0|0x0000000701c00000, 0x0000000701e00000, 0x0000000701e00000|100%| O|  |TAMS 0x0000000701e00000, 0x0000000701c00000| Untracked 
|   1|0x0000000701e00000, 0x0000000702000000, 0x0000000702000000|100%| O|  |TAMS 0x0000000702000000, 0x0000000701e00000| Untracked 
|   2|0x0000000702000000, 0x0000000702200000, 0x0000000702200000|100%| O|  |TAMS 0x0000000702200000, 0x0000000702000000| Untracked 
|   3|0x0000000702200000, 0x0000000702400000, 0x0000000702400000|100%| O|  |TAMS 0x0000000702400000, 0x0000000702200000| Untracked 
|   4|0x0000000702400000, 0x0000000702600000, 0x0000000702600000|100%| O|  |TAMS 0x0000000702600000, 0x0000000702400000| Untracked 
|   5|0x0000000702600000, 0x0000000702800000, 0x0000000702800000|100%| O|  |TAMS 0x0000000702600000, 0x0000000702600000| Untracked 
|   6|0x0000000702800000, 0x0000000702a00000, 0x0000000702a00000|100%| O|  |TAMS 0x0000000702a00000, 0x0000000702800000| Untracked 
|   7|0x0000000702a00000, 0x0000000702c00000, 0x0000000702c00000|100%| O|  |TAMS 0x0000000702a00000, 0x0000000702a00000| Untracked 
|   8|0x0000000702c00000, 0x0000000702e00000, 0x0000000702e00000|100%| O|  |TAMS 0x0000000702c00000, 0x0000000702c00000| Untracked 
|   9|0x0000000702e00000, 0x0000000703000000, 0x0000000703000000|100%| O|  |TAMS 0x0000000703000000, 0x0000000702e00000| Untracked 
|  10|0x0000000703000000, 0x0000000703200000, 0x0000000703200000|100%| O|  |TAMS 0x0000000703000000, 0x0000000703000000| Untracked 
|  11|0x0000000703200000, 0x0000000703400000, 0x0000000703400000|100%| O|  |TAMS 0x0000000703200000, 0x0000000703200000| Untracked 
|  12|0x0000000703400000, 0x0000000703600000, 0x0000000703600000|100%| O|  |TAMS 0x0000000703400000, 0x0000000703400000| Untracked 
|  13|0x0000000703600000, 0x0000000703607200, 0x0000000703800000|  1%| O|  |TAMS 0x0000000703600000, 0x0000000703600000| Untracked 
|  14|0x0000000703800000, 0x0000000703800000, 0x0000000703a00000|  0%| F|  |TAMS 0x0000000703800000, 0x0000000703800000| Untracked 
|  15|0x0000000703a00000, 0x0000000703a00000, 0x0000000703c00000|  0%| F|  |TAMS 0x0000000703a00000, 0x0000000703a00000| Untracked 
|  16|0x0000000703c00000, 0x0000000703c00000, 0x0000000703e00000|  0%| F|  |TAMS 0x0000000703c00000, 0x0000000703c00000| Untracked 
|  17|0x0000000703e00000, 0x0000000703e00000, 0x0000000704000000|  0%| F|  |TAMS 0x0000000703e00000, 0x0000000703e00000| Untracked 
|  18|0x0000000704000000, 0x0000000704000000, 0x0000000704200000|  0%| F|  |TAMS 0x0000000704000000, 0x0000000704000000| Untracked 
|  19|0x0000000704200000, 0x0000000704200000, 0x0000000704400000|  0%| F|  |TAMS 0x0000000704200000, 0x0000000704200000| Untracked 
|  20|0x0000000704400000, 0x0000000704400000, 0x0000000704600000|  0%| F|  |TAMS 0x0000000704400000, 0x0000000704400000| Untracked 
|  21|0x0000000704600000, 0x0000000704600000, 0x0000000704800000|  0%| F|  |TAMS 0x0000000704600000, 0x0000000704600000| Untracked 
|  22|0x0000000704800000, 0x00000007049366a0, 0x0000000704a00000| 60%| S|CS|TAMS 0x0000000704800000, 0x0000000704800000| Complete 
|  23|0x0000000704a00000, 0x0000000704a00000, 0x0000000704c00000|  0%| F|  |TAMS 0x0000000704a00000, 0x0000000704a00000| Untracked 
|  24|0x0000000704c00000, 0x0000000704c00000, 0x0000000704e00000|  0%| F|  |TAMS 0x0000000704c00000, 0x0000000704c00000| Untracked 
|  25|0x0000000704e00000, 0x0000000704e00000, 0x0000000705000000|  0%| F|  |TAMS 0x0000000704e00000, 0x0000000704e00000| Untracked 
|  26|0x0000000705000000, 0x0000000705000000, 0x0000000705200000|  0%| F|  |TAMS 0x0000000705000000, 0x0000000705000000| Untracked 
|  27|0x0000000705200000, 0x0000000705200000, 0x0000000705400000|  0%| F|  |TAMS 0x0000000705200000, 0x0000000705200000| Untracked 
|  28|0x0000000705400000, 0x0000000705600000, 0x0000000705600000|100%| E|  |TAMS 0x0000000705400000, 0x0000000705400000| Complete 
|  29|0x0000000705600000, 0x0000000705800000, 0x0000000705800000|100%| E|CS|TAMS 0x0000000705600000, 0x0000000705600000| Complete 
|  30|0x0000000705800000, 0x0000000705a00000, 0x0000000705a00000|100%| E|CS|TAMS 0x0000000705800000, 0x0000000705800000| Complete 
|  31|0x0000000705a00000, 0x0000000705c00000, 0x0000000705c00000|100%| E|CS|TAMS 0x0000000705a00000, 0x0000000705a00000| Complete 
|  32|0x0000000705c00000, 0x0000000705e00000, 0x0000000705e00000|100%| E|CS|TAMS 0x0000000705c00000, 0x0000000705c00000| Complete 
|  33|0x0000000705e00000, 0x0000000706000000, 0x0000000706000000|100%| E|CS|TAMS 0x0000000705e00000, 0x0000000705e00000| Complete 
|  34|0x0000000706000000, 0x0000000706200000, 0x0000000706200000|100%| E|CS|TAMS 0x0000000706000000, 0x0000000706000000| Complete 
|  35|0x0000000706200000, 0x0000000706400000, 0x0000000706400000|100%| E|CS|TAMS 0x0000000706200000, 0x0000000706200000| Complete 
|  36|0x0000000706400000, 0x0000000706600000, 0x0000000706600000|100%| E|CS|TAMS 0x0000000706400000, 0x0000000706400000| Complete 
|  37|0x0000000706600000, 0x0000000706800000, 0x0000000706800000|100%| E|CS|TAMS 0x0000000706600000, 0x0000000706600000| Complete 
|  38|0x0000000706800000, 0x0000000706a00000, 0x0000000706a00000|100%| E|CS|TAMS 0x0000000706800000, 0x0000000706800000| Complete 
|  41|0x0000000706e00000, 0x0000000707000000, 0x0000000707000000|100%| E|CS|TAMS 0x0000000706e00000, 0x0000000706e00000| Complete 
|  42|0x0000000707000000, 0x0000000707200000, 0x0000000707200000|100%| E|CS|TAMS 0x0000000707000000, 0x0000000707000000| Complete 
|  43|0x0000000707200000, 0x0000000707400000, 0x0000000707400000|100%| E|CS|TAMS 0x0000000707200000, 0x0000000707200000| Complete 
|  78|0x000000070b800000, 0x000000070ba00000, 0x000000070ba00000|100%| E|CS|TAMS 0x000000070b800000, 0x000000070b800000| Complete 
| 127|0x0000000711a00000, 0x0000000711c00000, 0x0000000711c00000|100%| E|CS|TAMS 0x0000000711a00000, 0x0000000711a00000| Complete 

Card table byte_map: [0x00000246d58e0000,0x00000246d60e0000] _byte_map_base: 0x00000246d20d2000

Marking Bits (Prev, Next): (CMBitMap*) 0x00000246ce96f3c0, (CMBitMap*) 0x00000246ce96f380
 Prev Bits: [0x00000246da870000, 0x00000246de800000)
 Next Bits: [0x00000246d68e0000, 0x00000246da870000)

Polling page: 0x00000246cc930000

Metaspace:

Usage:
  Non-class:     59.79 MB used.
      Class:      9.06 MB used.
       Both:     68.85 MB used.

Virtual space:
  Non-class space:       64.00 MB reserved,      60.06 MB ( 94%) committed,  8 nodes.
      Class space:        1.00 GB reserved,       9.31 MB ( <1%) committed,  1 nodes.
             Both:        1.06 GB reserved,      69.38 MB (  6%) committed. 

Chunk freelists:
   Non-Class:  3.67 MB
       Class:  2.67 MB
        Both:  6.34 MB

MaxMetaspaceSize: unlimited
CompressedClassSpaceSize: 1.00 GB
Initial GC threshold: 21.00 MB
Current GC threshold: 98.88 MB
CDS: off
MetaspaceReclaimPolicy: balanced
 - commit_granule_bytes: 65536.
 - commit_granule_words: 8192.
 - virtual_space_node_default_size: 1048576.
 - enlarge_chunks_in_place: 1.
 - new_chunks_are_fully_committed: 0.
 - uncommit_free_chunks: 1.
 - use_allocation_guard: 0.
 - handle_deallocations: 1.


Internal statistics:

num_allocs_failed_limit: 9.
num_arena_births: 620.
num_arena_deaths: 0.
num_vsnodes_births: 9.
num_vsnodes_deaths: 0.
num_space_committed: 1110.
num_space_uncommitted: 0.
num_chunks_returned_to_freelist: 9.
num_chunks_taken_from_freelist: 2772.
num_chunk_merges: 9.
num_chunk_splits: 1918.
num_chunks_enlarged: 1444.
num_purges: 0.
num_inconsistent_stats: 0.

CodeCache: size=49152Kb used=11865Kb max_used=13187Kb free=37286Kb
 bounds [0x00000246d1fd0000, 0x00000246d2cc0000, 0x00000246d4fd0000]
 total_blobs=6774 nmethods=6104 adapters=597
 compilation: enabled
              stopped_count=0, restarted_count=0
 full_count=0

Compilation events (20 events):
Event: 833.534 Thread 0x00000246e1c5c640 6093   !   1       org.apache.catalina.core.StandardContext::getLoader (38 bytes)
Event: 833.535 Thread 0x00000246e1c5c640 nmethod 6093 0x00000246d21cad90 code [0x00000246d21caf80, 0x00000246d21cb2b8]
Event: 901.049 Thread 0x00000246e1c5c640 6094       1       java.io.ObjectInputStream$HandleTable::lookupException (29 bytes)
Event: 901.049 Thread 0x00000246e1c5c640 nmethod 6094 0x00000246d21ca910 code [0x00000246d21caac0, 0x00000246d21cac78]
Event: 901.098 Thread 0x00000246e1c5c640 6095       1       sun.nio.ch.SocketDispatcher::write (8 bytes)
Event: 901.098 Thread 0x00000246e1c5c640 nmethod 6095 0x00000246d21ca210 code [0x00000246d21ca3a0, 0x00000246d21ca4a8]
Event: 910.419 Thread 0x00000246e1c5c640 6100   !   1       sun.nio.ch.NioSocketImpl::write (90 bytes)
Event: 910.420 Thread 0x00000246e1c5c640 nmethod 6100 0x00000246d21c9290 code [0x00000246d21c94c0, 0x00000246d21c9968]
Event: 910.420 Thread 0x00000246e1c5c640 6098       1       java.net.Socket$SocketOutputStream::write (11 bytes)
Event: 910.420 Thread 0x00000246e1c5c640 nmethod 6098 0x00000246d21c8f90 code [0x00000246d21c9120, 0x00000246d21c9228]
Event: 910.420 Thread 0x00000246e1c5c640 6099       1       sun.nio.ch.NioSocketImpl$2::write (11 bytes)
Event: 910.420 Thread 0x00000246e1c5c640 nmethod 6099 0x00000246d21c8c10 code [0x00000246d21c8da0, 0x00000246d21c8ea8]
Event: 910.420 Thread 0x00000246e1c5c640 6101   !   1       sun.nio.ch.NioSocketImpl::implWrite (114 bytes)
Event: 910.421 Thread 0x00000246e1c5c640 nmethod 6101 0x00000246d21c8010 code [0x00000246d21c8220, 0x00000246d21c87d8]
Event: 910.421 Thread 0x00000246e1c5c640 6102   !   1       sun.nio.ch.NioSocketImpl::beginWrite (30 bytes)
Event: 910.421 Thread 0x00000246e1c5c640 nmethod 6102 0x00000246d21c7b10 code [0x00000246d21c7cc0, 0x00000246d21c7ec8]
Event: 910.421 Thread 0x00000246e1c5c640 6103   !   1       sun.nio.ch.NioSocketImpl::tryWrite (78 bytes)
Event: 910.422 Thread 0x00000246e1c5c640 nmethod 6103 0x00000246d21c7490 code [0x00000246d21c7680, 0x00000246d21c78f8]
Event: 910.422 Thread 0x00000246e1c5c640 6104       1       java.nio.ByteBuffer::put (69 bytes)
Event: 910.422 Thread 0x00000246e1c5c640 nmethod 6104 0x00000246d21c6c90 code [0x00000246d21c6ea0, 0x00000246d21c7218]

GC Heap History (20 events):
Event: 2.673 GC heap before
{Heap before GC invocations=8 (full 0):
 garbage-first heap   total 155648K, used 67612K [0x0000000701c00000, 0x0000000800000000)
  region size 2048K, 30 young (61440K), 2 survivors (4096K)
 Metaspace       used 35768K, committed 36096K, reserved 1081344K
  class space    used 4405K, committed 4544K, reserved 1048576K
}
Event: 2.677 GC heap after
{Heap after GC invocations=9 (full 0):
 garbage-first heap   total 155648K, used 15072K [0x0000000701c00000, 0x0000000800000000)
  region size 2048K, 3 young (6144K), 3 survivors (6144K)
 Metaspace       used 35768K, committed 36096K, reserved 1081344K
  class space    used 4405K, committed 4544K, reserved 1048576K
}
Event: 2.987 GC heap before
{Heap before GC invocations=10 (full 0):
 garbage-first heap   total 61440K, used 49888K [0x0000000701c00000, 0x0000000800000000)
  region size 2048K, 21 young (43008K), 3 survivors (6144K)
 Metaspace       used 38344K, committed 38656K, reserved 1089536K
  class space    used 4747K, committed 4864K, reserved 1048576K
}
Event: 2.992 GC heap after
{Heap after GC invocations=11 (full 0):
 garbage-first heap   total 63488K, used 16495K [0x0000000701c00000, 0x0000000800000000)
  region size 2048K, 3 young (6144K), 3 survivors (6144K)
 Metaspace       used 38344K, committed 38656K, reserved 1089536K
  class space    used 4747K, committed 4864K, reserved 1048576K
}
Event: 3.018 GC heap before
{Heap before GC invocations=11 (full 0):
 garbage-first heap   total 63488K, used 16495K [0x0000000701c00000, 0x0000000800000000)
  region size 2048K, 4 young (8192K), 3 survivors (6144K)
 Metaspace       used 38529K, committed 38912K, reserved 1089536K
  class space    used 4789K, committed 4928K, reserved 1048576K
}
Event: 3.022 GC heap after
{Heap after GC invocations=12 (full 0):
 garbage-first heap   total 63488K, used 16986K [0x0000000701c00000, 0x0000000800000000)
  region size 2048K, 1 young (2048K), 1 survivors (2048K)
 Metaspace       used 38529K, committed 38912K, reserved 1089536K
  class space    used 4789K, committed 4928K, reserved 1048576K
}
Event: 3.231 GC heap before
{Heap before GC invocations=12 (full 0):
 garbage-first heap   total 63488K, used 45658K [0x0000000701c00000, 0x0000000800000000)
  region size 2048K, 16 young (32768K), 1 survivors (2048K)
 Metaspace       used 41461K, committed 41856K, reserved 1089536K
  class space    used 5213K, committed 5376K, reserved 1048576K
}
Event: 3.233 GC heap after
{Heap after GC invocations=13 (full 0):
 garbage-first heap   total 163840K, used 16918K [0x0000000701c00000, 0x0000000800000000)
  region size 2048K, 1 young (2048K), 1 survivors (2048K)
 Metaspace       used 41461K, committed 41856K, reserved 1089536K
  class space    used 5213K, committed 5376K, reserved 1048576K
}
Event: 5.087 GC heap before
{Heap before GC invocations=13 (full 0):
 garbage-first heap   total 163840K, used 113174K [0x0000000701c00000, 0x0000000800000000)
  region size 2048K, 48 young (98304K), 1 survivors (2048K)
 Metaspace       used 53475K, committed 53888K, reserved 1097728K
  class space    used 6864K, committed 7040K, reserved 1048576K
}
Event: 5.090 GC heap after
{Heap after GC invocations=14 (full 0):
 garbage-first heap   total 163840K, used 19630K [0x0000000701c00000, 0x0000000800000000)
  region size 2048K, 2 young (4096K), 2 survivors (4096K)
 Metaspace       used 53475K, committed 53888K, reserved 1097728K
  class space    used 6864K, committed 7040K, reserved 1048576K
}
Event: 6.583 GC heap before
{Heap before GC invocations=14 (full 0):
 garbage-first heap   total 163840K, used 91310K [0x0000000701c00000, 0x0000000800000000)
  region size 2048K, 38 young (77824K), 2 survivors (4096K)
 Metaspace       used 60091K, committed 60480K, reserved 1105920K
  class space    used 7845K, committed 8000K, reserved 1048576K
}
Event: 6.587 GC heap after
{Heap after GC invocations=15 (full 0):
 garbage-first heap   total 163840K, used 21512K [0x0000000701c00000, 0x0000000800000000)
  region size 2048K, 3 young (6144K), 3 survivors (6144K)
 Metaspace       used 60091K, committed 60480K, reserved 1105920K
  class space    used 7845K, committed 8000K, reserved 1048576K
}
Event: 7.066 GC heap before
{Heap before GC invocations=16 (full 0):
 garbage-first heap   total 90112K, used 68616K [0x0000000701c00000, 0x0000000800000000)
  region size 2048K, 26 young (53248K), 3 survivors (6144K)
 Metaspace       used 63536K, committed 63936K, reserved 1105920K
  class space    used 8378K, committed 8576K, reserved 1048576K
}
Event: 7.071 GC heap after
{Heap after GC invocations=17 (full 0):
 garbage-first heap   total 90112K, used 23623K [0x0000000701c00000, 0x0000000800000000)
  region size 2048K, 3 young (6144K), 3 survivors (6144K)
 Metaspace       used 63536K, committed 63936K, reserved 1105920K
  class space    used 8378K, committed 8576K, reserved 1048576K
}
Event: 7.086 GC heap before
{Heap before GC invocations=17 (full 0):
 garbage-first heap   total 90112K, used 25671K [0x0000000701c00000, 0x0000000800000000)
  region size 2048K, 4 young (8192K), 3 survivors (6144K)
 Metaspace       used 63693K, committed 64064K, reserved 1105920K
  class space    used 8398K, committed 8576K, reserved 1048576K
}
Event: 7.090 GC heap after
{Heap after GC invocations=18 (full 0):
 garbage-first heap   total 90112K, used 23862K [0x0000000701c00000, 0x0000000800000000)
  region size 2048K, 1 young (2048K), 1 survivors (2048K)
 Metaspace       used 63693K, committed 64064K, reserved 1105920K
  class space    used 8398K, committed 8576K, reserved 1048576K
}
Event: 8.700 GC heap before
{Heap before GC invocations=18 (full 0):
 garbage-first heap   total 90112K, used 68918K [0x0000000701c00000, 0x0000000800000000)
  region size 2048K, 24 young (49152K), 1 survivors (2048K)
 Metaspace       used 67287K, committed 67776K, reserved 1114112K
  class space    used 8866K, committed 9088K, reserved 1048576K
}
Event: 8.704 GC heap after
{Heap after GC invocations=19 (full 0):
 garbage-first heap   total 90112K, used 26721K [0x0000000701c00000, 0x0000000800000000)
  region size 2048K, 2 young (4096K), 2 survivors (4096K)
 Metaspace       used 67287K, committed 67776K, reserved 1114112K
  class space    used 8866K, committed 9088K, reserved 1048576K
}
Event: 178.175 GC heap before
{Heap before GC invocations=19 (full 0):
 garbage-first heap   total 90112K, used 67681K [0x0000000701c00000, 0x0000000800000000)
  region size 2048K, 23 young (47104K), 2 survivors (4096K)
 Metaspace       used 70355K, committed 70848K, reserved 1114112K
  class space    used 9254K, committed 9472K, reserved 1048576K
}
Event: 178.178 GC heap after
{Heap after GC invocations=20 (full 0):
 garbage-first heap   total 90112K, used 27894K [0x0000000701c00000, 0x0000000800000000)
  region size 2048K, 1 young (2048K), 1 survivors (2048K)
 Metaspace       used 70355K, committed 70848K, reserved 1114112K
  class space    used 9254K, committed 9472K, reserved 1048576K
}

Deoptimization events (20 events):
Event: 178.141 Thread 0x00000246e3f7d220 DEOPT PACKING pc=0x00000246d24972fc sp=0x000000cac4afcd00
Event: 178.142 Thread 0x00000246e3f7d220 DEOPT UNPACKING pc=0x00000246d2022b43 sp=0x000000cac4afc1b8 mode 1
Event: 178.142 Thread 0x00000246e3f7d220 DEOPT PACKING pc=0x00000246d24498dc sp=0x000000cac4afd6f0
Event: 178.142 Thread 0x00000246e3f7d220 DEOPT UNPACKING pc=0x00000246d2022b43 sp=0x000000cac4afcbe0 mode 1
Event: 178.162 Thread 0x00000246e3f7d220 DEOPT PACKING pc=0x00000246d26df634 sp=0x000000cac4afc1c0
Event: 178.162 Thread 0x00000246e3f7d220 DEOPT UNPACKING pc=0x00000246d2022b43 sp=0x000000cac4afb6f8 mode 1
Event: 178.162 Thread 0x00000246e3f7d220 DEOPT PACKING pc=0x00000246d26e056c sp=0x000000cac4afc2b0
Event: 178.162 Thread 0x00000246e3f7d220 DEOPT UNPACKING pc=0x00000246d2022b43 sp=0x000000cac4afb848 mode 1
Event: 178.162 Thread 0x00000246e3f7d220 DEOPT PACKING pc=0x00000246d26e1a4c sp=0x000000cac4afc400
Event: 178.162 Thread 0x00000246e3f7d220 DEOPT UNPACKING pc=0x00000246d2022b43 sp=0x000000cac4afb9d0 mode 1
Event: 178.163 Thread 0x00000246e3f7d220 DEOPT PACKING pc=0x00000246d26df634 sp=0x000000cac4afc1c0
Event: 178.163 Thread 0x00000246e3f7d220 DEOPT UNPACKING pc=0x00000246d2022b43 sp=0x000000cac4afb6f8 mode 1
Event: 178.163 Thread 0x00000246e3f7d220 DEOPT PACKING pc=0x00000246d26e056c sp=0x000000cac4afc2b0
Event: 178.163 Thread 0x00000246e3f7d220 DEOPT UNPACKING pc=0x00000246d2022b43 sp=0x000000cac4afb848 mode 1
Event: 178.163 Thread 0x00000246e3f7d220 DEOPT PACKING pc=0x00000246d26e1a4c sp=0x000000cac4afc400
Event: 178.163 Thread 0x00000246e3f7d220 DEOPT UNPACKING pc=0x00000246d2022b43 sp=0x000000cac4afb9d0 mode 1
Event: 178.186 Thread 0x00000246e3f7d220 DEOPT PACKING pc=0x00000246d280890c sp=0x000000cac4afc590
Event: 178.186 Thread 0x00000246e3f7d220 DEOPT UNPACKING pc=0x00000246d2022b43 sp=0x000000cac4afba58 mode 1
Event: 178.192 Thread 0x00000246e3f7d220 DEOPT PACKING pc=0x00000246d280890c sp=0x000000cac4afc590
Event: 178.192 Thread 0x00000246e3f7d220 DEOPT UNPACKING pc=0x00000246d2022b43 sp=0x000000cac4afba58 mode 1

Classes unloaded (0 events):
No events

Classes redefined (1 events):
Event: 911.755 Thread 0x00000246e12dd670 redefined class name=ec.com.comercio.controllers.TransaccionController, count=1

Internal exceptions (20 events):
Event: 6.984 Thread 0x00000246e39c0040 Exception <a 'java/lang/ClassNotFoundException'{0x000000070473ce48}: org/springframework/web/servlet/config/annotation/WebMvcConfigurationSupportCustomizer> (0x000000070473ce48) 
thrown [e:\jenkins\tmp\workspace\build\src\src\hotspot\share\classfile\systemDictionary.cpp, line 256]
Event: 6.985 Thread 0x00000246e39c0040 Exception <a 'java/lang/ClassNotFoundException'{0x0000000704752588}: org/springframework/web/servlet/config/annotation/DelegatingWebMvcConfigurationCustomizer> (0x0000000704752588) 
thrown [e:\jenkins\tmp\workspace\build\src\src\hotspot\share\classfile\systemDictionary.cpp, line 256]
Event: 6.987 Thread 0x00000246e39c0040 Exception <a 'java/lang/ClassNotFoundException'{0x000000070475d090}: org/springframework/boot/autoconfigure/web/servlet/WebMvcAutoConfiguration$EnableWebMvcConfigurationCustomizer> (0x000000070475d090) 
thrown [e:\jenkins\tmp\workspace\build\src\src\hotspot\share\classfile\systemDictionary.cpp, line 256]
Event: 6.988 Thread 0x00000246e39c0040 Exception <a 'java/lang/ClassNotFoundException'{0x0000000704771aa8}: org/springframework/context/ResourceLoaderAwareCustomizer> (0x0000000704771aa8) 
thrown [e:\jenkins\tmp\workspace\build\src\src\hotspot\share\classfile\systemDictionary.cpp, line 256]
Event: 6.990 Thread 0x00000246e39c0040 Exception <a 'java/lang/ClassNotFoundException'{0x0000000704777c70}: org/springframework/beans/factory/AwareCustomizer> (0x0000000704777c70) 
thrown [e:\jenkins\tmp\workspace\build\src\src\hotspot\share\classfile\systemDictionary.cpp, line 256]
Event: 6.990 Thread 0x00000246e39c0040 Exception <a 'java/lang/ClassNotFoundException'{0x000000070477d300}: org/springframework/context/ApplicationContextAwareCustomizer> (0x000000070477d300) 
thrown [e:\jenkins\tmp\workspace\build\src\src\hotspot\share\classfile\systemDictionary.cpp, line 256]
Event: 6.992 Thread 0x00000246e39c0040 Exception <a 'java/lang/ClassNotFoundException'{0x0000000704783fb8}: org/springframework/beans/factory/AwareCustomizer> (0x0000000704783fb8) 
thrown [e:\jenkins\tmp\workspace\build\src\src\hotspot\share\classfile\systemDictionary.cpp, line 256]
Event: 6.993 Thread 0x00000246e39c0040 Exception <a 'java/lang/ClassNotFoundException'{0x0000000704789620}: org/springframework/web/context/ServletContextAwareCustomizer> (0x0000000704789620) 
thrown [e:\jenkins\tmp\workspace\build\src\src\hotspot\share\classfile\systemDictionary.cpp, line 256]
Event: 6.994 Thread 0x00000246e39c0040 Exception <a 'java/lang/ClassNotFoundException'{0x000000070478fc20}: org/springframework/beans/factory/AwareCustomizer> (0x000000070478fc20) 
thrown [e:\jenkins\tmp\workspace\build\src\src\hotspot\share\classfile\systemDictionary.cpp, line 256]
Event: 7.120 Thread 0x00000246e39c0040 Exception <a 'java/lang/NoSuchMethodError'{0x00000007072ff180}: 'void java.lang.invoke.DirectMethodHandle$Holder.invokeVirtual(java.lang.Object, java.lang.Object, int)'> (0x00000007072ff180) 
thrown [e:\jenkins\tmp\workspace\build\src\src\hotspot\share\interpreter\linkResolver.cpp, line 766]
Event: 7.122 Thread 0x00000246e39c0040 Exception <a 'java/lang/NoSuchMethodError'{0x0000000707319b30}: 'void java.lang.invoke.DirectMethodHandle$Holder.invokeVirtual(java.lang.Object, java.lang.Object, long)'> (0x0000000707319b30) 
thrown [e:\jenkins\tmp\workspace\build\src\src\hotspot\share\interpreter\linkResolver.cpp, line 766]
Event: 7.233 Thread 0x00000246e39c0040 Exception <a 'java/lang/IncompatibleClassChangeError'{0x00000007063f52e8}: Found class java.lang.Object, but interface was expected> (0x00000007063f52e8) 
thrown [e:\jenkins\tmp\workspace\build\src\src\hotspot\share\interpreter\linkResolver.cpp, line 833]
Event: 8.303 Thread 0x00000246e39c0040 Exception <a 'java/lang/NoSuchMethodError'{0x000000070524d130}: 'java.lang.Object java.lang.invoke.DirectMethodHandle$Holder.invokeSpecial(java.lang.Object, java.lang.Object, int, java.lang.Object, int, java.lang.Object)'> (0x000000070524d130) 
thrown [e:\jenkins\tmp\workspace\build\src\src\hotspot\share\interpreter\linkResolver.cpp, line 766]
Event: 8.303 Thread 0x00000246e39c0040 Exception <a 'java/lang/NoSuchMethodError'{0x00000007052551d8}: 'java.lang.Object java.lang.invoke.DirectMethodHandle$Holder.newInvokeSpecial(java.lang.Object, java.lang.Object, int, java.lang.Object, int)'> (0x00000007052551d8) 
thrown [e:\jenkins\tmp\workspace\build\src\src\hotspot\share\interpreter\linkResolver.cpp, line 766]
Event: 8.303 Thread 0x00000246e39c0040 Exception <a 'java/lang/NoSuchMethodError'{0x00000007052592d8}: 'java.lang.Object java.lang.invoke.DirectMethodHandle$Holder.invokeSpecial(java.lang.Object, java.lang.Object, java.lang.Object, int, java.lang.Object, int)'> (0x00000007052592d8) 
thrown [e:\jenkins\tmp\workspace\build\src\src\hotspot\share\interpreter\linkResolver.cpp, line 766]
Event: 8.305 Thread 0x00000246e39c0040 Exception <a 'java/lang/NoSuchMethodError'{0x00000007052687c8}: 'void java.lang.invoke.DirectMethodHandle$Holder.invokeVirtual(java.lang.Object, java.lang.Object)'> (0x00000007052687c8) 
thrown [e:\jenkins\tmp\workspace\build\src\src\hotspot\share\interpreter\linkResolver.cpp, line 766]
Event: 9.100 Thread 0x00000246e39c0040 Exception <a 'java/lang/ClassNotFoundException'{0x00000007066cf598}: java/lang/ObjectCustomizer> (0x00000007066cf598) 
thrown [e:\jenkins\tmp\workspace\build\src\src\hotspot\share\classfile\systemDictionary.cpp, line 256]
Event: 9.101 Thread 0x00000246e39c0040 Exception <a 'java/lang/ClassNotFoundException'{0x00000007066d9610}: ec/com/comercio/entity/ProductoCustomizer> (0x00000007066d9610) 
thrown [e:\jenkins\tmp\workspace\build\src\src\hotspot\share\classfile\systemDictionary.cpp, line 256]
Event: 9.232 Thread 0x00000246e39c0040 Exception <a 'java/lang/NoSuchMethodError'{0x00000007062efe40}: 'java.lang.Object java.lang.invoke.DirectMethodHandle$Holder.invokeStaticInit(java.lang.Object, java.lang.Object, java.lang.Object, java.lang.Object, java.lang.Object, java.lang.Object)'> (0x00000007062efe40) 
thrown [e:\jenkins\tmp\workspace\build\src\src\hotspot\share\interpreter\linkResolver.cpp, line 766]
Event: 195.108 Thread 0x00000246e3f7d220 Exception <a 'java/lang/NoSuchMethodError'{0x000000070b8bbee0}: 'java.lang.Object java.lang.invoke.DirectMethodHandle$Holder.invokeInterface(java.lang.Object, java.lang.Object, java.lang.Object, java.lang.Object)'> (0x000000070b8bbee0) 
thrown [e:\jenkins\tmp\workspace\build\src\src\hotspot\share\interpreter\linkResolver.cpp, line 766]

VM Operations (20 events):
Event: 206.856 Executing VM operation: Cleanup
Event: 206.856 Executing VM operation: Cleanup done
Event: 210.892 Executing VM operation: Cleanup
Event: 210.892 Executing VM operation: Cleanup done
Event: 211.896 Executing VM operation: Cleanup
Event: 211.896 Executing VM operation: Cleanup done
Event: 212.905 Executing VM operation: Cleanup
Event: 212.905 Executing VM operation: Cleanup done
Event: 263.250 Executing VM operation: Cleanup
Event: 263.250 Executing VM operation: Cleanup done
Event: 419.452 Executing VM operation: Cleanup
Event: 419.452 Executing VM operation: Cleanup done
Event: 654.323 Executing VM operation: Cleanup
Event: 654.323 Executing VM operation: Cleanup done
Event: 888.757 Executing VM operation: get/set locals
Event: 888.757 Executing VM operation: get/set locals done
Event: 910.894 Executing VM operation: Cleanup
Event: 910.895 Executing VM operation: Cleanup done
Event: 911.750 Executing VM operation: RedefineClasses
Event: 911.769 Executing VM operation: RedefineClasses done

Events (20 events):
Event: 178.081 loading class sun/nio/ch/SocketAdaptor
Event: 178.081 loading class sun/nio/ch/SocketAdaptor done
Event: 178.081 loading class sun/nio/ch/SocketChannelImpl$DefaultOptionsHolder
Event: 178.081 loading class sun/nio/ch/SocketChannelImpl$DefaultOptionsHolder done
Event: 178.082 loading class sun/nio/ch/SelectionKeyImpl
Event: 178.082 loading class java/nio/channels/spi/AbstractSelectionKey
Event: 178.082 loading class java/nio/channels/SelectionKey
Event: 178.082 loading class java/nio/channels/SelectionKey done
Event: 178.082 loading class java/nio/channels/spi/AbstractSelectionKey done
Event: 178.082 loading class sun/nio/ch/SelectionKeyImpl done
Event: 178.082 loading class java/lang/invoke/ConstantBootstraps
Event: 178.083 loading class java/lang/invoke/ConstantBootstraps done
Event: 178.138 loading class sun/nio/cs/ThreadLocalCoders
Event: 178.138 loading class sun/nio/cs/ThreadLocalCoders done
Event: 178.138 loading class sun/nio/cs/ThreadLocalCoders$1
Event: 178.138 loading class sun/nio/cs/ThreadLocalCoders$Cache
Event: 178.138 loading class sun/nio/cs/ThreadLocalCoders$Cache done
Event: 178.138 loading class sun/nio/cs/ThreadLocalCoders$1 done
Event: 178.138 loading class sun/nio/cs/ThreadLocalCoders$2
Event: 178.138 loading class sun/nio/cs/ThreadLocalCoders$2 done


Dynamic libraries:
0x00007ff77fa00000 - 0x00007ff77fa0e000 	D:\Desarrollo\IDEs\sts-4.14.0.RELEASE\plugins\org.eclipse.justj.openjdk.hotspot.jre.full.win32.x86_64_17.0.2.v20220201-1208\jre\bin\javaw.exe
0x00007ffe07810000 - 0x00007ffe07a05000 	C:\WINDOWS\SYSTEM32\ntdll.dll
0x00007ffe07520000 - 0x00007ffe075de000 	C:\WINDOWS\System32\KERNEL32.DLL
0x00007ffe04f00000 - 0x00007ffe051c8000 	C:\WINDOWS\System32\KERNELBASE.dll
0x00007ffe056f0000 - 0x00007ffe057f0000 	C:\WINDOWS\System32\ucrtbase.dll
0x00007ffdff930000 - 0x00007ffdff949000 	D:\Desarrollo\IDEs\sts-4.14.0.RELEASE\plugins\org.eclipse.justj.openjdk.hotspot.jre.full.win32.x86_64_17.0.2.v20220201-1208\jre\bin\VCRUNTIME140.dll
0x00007ffdfe150000 - 0x00007ffdfe168000 	D:\Desarrollo\IDEs\sts-4.14.0.RELEASE\plugins\org.eclipse.justj.openjdk.hotspot.jre.full.win32.x86_64_17.0.2.v20220201-1208\jre\bin\jli.dll
0x00007ffe06cb0000 - 0x00007ffe06e50000 	C:\WINDOWS\System32\USER32.dll
0x00007ffe05380000 - 0x00007ffe053a2000 	C:\WINDOWS\System32\win32u.dll
0x00007ffdf0ac0000 - 0x00007ffdf0d5a000 	C:\WINDOWS\WinSxS\amd64_microsoft.windows.common-controls_6595b64144ccf1df_6.0.19041.1110_none_60b5254171f9507e\COMCTL32.dll
0x00007ffe075e0000 - 0x00007ffe0767e000 	C:\WINDOWS\System32\msvcrt.dll
0x00007ffe06350000 - 0x00007ffe0637a000 	C:\WINDOWS\System32\GDI32.dll
0x00007ffe05270000 - 0x00007ffe0537b000 	C:\WINDOWS\System32\gdi32full.dll
0x00007ffe051d0000 - 0x00007ffe0526d000 	C:\WINDOWS\System32\msvcp_win.dll
0x00007ffe06eb0000 - 0x00007ffe06ee0000 	C:\WINDOWS\System32\IMM32.DLL
0x00007ffdff920000 - 0x00007ffdff92c000 	D:\Desarrollo\IDEs\sts-4.14.0.RELEASE\plugins\org.eclipse.justj.openjdk.hotspot.jre.full.win32.x86_64_17.0.2.v20220201-1208\jre\bin\vcruntime140_1.dll
0x00007ffdef870000 - 0x00007ffdef901000 	D:\Desarrollo\IDEs\sts-4.14.0.RELEASE\plugins\org.eclipse.justj.openjdk.hotspot.jre.full.win32.x86_64_17.0.2.v20220201-1208\jre\bin\msvcp140.dll
0x00007ffda5230000 - 0x00007ffda5e77000 	D:\Desarrollo\IDEs\sts-4.14.0.RELEASE\plugins\org.eclipse.justj.openjdk.hotspot.jre.full.win32.x86_64_17.0.2.v20220201-1208\jre\bin\server\jvm.dll
0x00007ffe064b0000 - 0x00007ffe0655e000 	C:\WINDOWS\System32\ADVAPI32.dll
0x00007ffe070b0000 - 0x00007ffe0714c000 	C:\WINDOWS\System32\sechost.dll
0x00007ffe07150000 - 0x00007ffe07275000 	C:\WINDOWS\System32\RPCRT4.dll
0x00007ffe07040000 - 0x00007ffe07048000 	C:\WINDOWS\System32\PSAPI.DLL
0x00007ffde8ca0000 - 0x00007ffde8ca9000 	C:\WINDOWS\SYSTEM32\WSOCK32.dll
0x00007ffdeeb50000 - 0x00007ffdeeb77000 	C:\WINDOWS\SYSTEM32\WINMM.dll
0x00007ffdfd740000 - 0x00007ffdfd74a000 	C:\WINDOWS\SYSTEM32\VERSION.dll
0x00007ffe06fd0000 - 0x00007ffe0703b000 	C:\WINDOWS\System32\WS2_32.dll
0x00007ffe037b0000 - 0x00007ffe037c2000 	C:\WINDOWS\SYSTEM32\kernel.appcore.dll
0x00007ffe007e0000 - 0x00007ffe007ea000 	D:\Desarrollo\IDEs\sts-4.14.0.RELEASE\plugins\org.eclipse.justj.openjdk.hotspot.jre.full.win32.x86_64_17.0.2.v20220201-1208\jre\bin\jimage.dll
0x00007ffdee0e0000 - 0x00007ffdee2c4000 	C:\WINDOWS\SYSTEM32\DBGHELP.DLL
0x00007ffde7ad0000 - 0x00007ffde7afc000 	C:\WINDOWS\SYSTEM32\dbgcore.DLL
0x00007ffe053b0000 - 0x00007ffe05432000 	C:\WINDOWS\System32\bcryptPrimitives.dll
0x00007ffdf3d90000 - 0x00007ffdf3dcb000 	D:\Desarrollo\IDEs\sts-4.14.0.RELEASE\plugins\org.eclipse.justj.openjdk.hotspot.jre.full.win32.x86_64_17.0.2.v20220201-1208\jre\bin\jdwp.dll
0x00007ffdff900000 - 0x00007ffdff90e000 	D:\Desarrollo\IDEs\sts-4.14.0.RELEASE\plugins\org.eclipse.justj.openjdk.hotspot.jre.full.win32.x86_64_17.0.2.v20220201-1208\jre\bin\instrument.dll
0x00007ffdfd6d0000 - 0x00007ffdfd6f5000 	D:\Desarrollo\IDEs\sts-4.14.0.RELEASE\plugins\org.eclipse.justj.openjdk.hotspot.jre.full.win32.x86_64_17.0.2.v20220201-1208\jre\bin\java.dll
0x00007ffdfb0d0000 - 0x00007ffdfb0e8000 	D:\Desarrollo\IDEs\sts-4.14.0.RELEASE\plugins\org.eclipse.justj.openjdk.hotspot.jre.full.win32.x86_64_17.0.2.v20220201-1208\jre\bin\zip.dll
0x00007ffe06560000 - 0x00007ffe06ca4000 	C:\WINDOWS\System32\SHELL32.dll
0x00007ffe02be0000 - 0x00007ffe03374000 	C:\WINDOWS\SYSTEM32\windows.storage.dll
0x00007ffe05f70000 - 0x00007ffe062c4000 	C:\WINDOWS\System32\combase.dll
0x00007ffe04970000 - 0x00007ffe0499c000 	C:\WINDOWS\SYSTEM32\Wldp.dll
0x00007ffe07280000 - 0x00007ffe0732d000 	C:\WINDOWS\System32\SHCORE.dll
0x00007ffe07050000 - 0x00007ffe070a5000 	C:\WINDOWS\System32\shlwapi.dll
0x00007ffe04e40000 - 0x00007ffe04e5f000 	C:\WINDOWS\SYSTEM32\profapi.dll
0x00007ffdf8e30000 - 0x00007ffdf8e3c000 	D:\Desarrollo\IDEs\sts-4.14.0.RELEASE\plugins\org.eclipse.justj.openjdk.hotspot.jre.full.win32.x86_64_17.0.2.v20220201-1208\jre\bin\dt_socket.dll
0x00007ffe04370000 - 0x00007ffe043ab000 	C:\WINDOWS\SYSTEM32\IPHLPAPI.DLL
0x00007ffe046d0000 - 0x00007ffe0473a000 	C:\WINDOWS\system32\mswsock.dll
0x00007ffe043c0000 - 0x00007ffe0448b000 	C:\WINDOWS\SYSTEM32\DNSAPI.dll
0x00007ffe07400000 - 0x00007ffe07408000 	C:\WINDOWS\System32\NSI.dll
0x00007ffdf0a90000 - 0x00007ffdf0a9a000 	C:\Windows\System32\rasadhlp.dll
0x00007ffdfa3d0000 - 0x00007ffdfa44f000 	C:\WINDOWS\System32\fwpuclnt.dll
0x00007ffe054b0000 - 0x00007ffe054d7000 	C:\WINDOWS\System32\bcrypt.dll
0x00007ffdf9ef0000 - 0x00007ffdf9f09000 	D:\Desarrollo\IDEs\sts-4.14.0.RELEASE\plugins\org.eclipse.justj.openjdk.hotspot.jre.full.win32.x86_64_17.0.2.v20220201-1208\jre\bin\net.dll
0x00007ffdfc160000 - 0x00007ffdfc26a000 	C:\WINDOWS\SYSTEM32\WINHTTP.dll
0x00007ffdf5410000 - 0x00007ffdf5425000 	D:\Desarrollo\IDEs\sts-4.14.0.RELEASE\plugins\org.eclipse.justj.openjdk.hotspot.jre.full.win32.x86_64_17.0.2.v20220201-1208\jre\bin\nio.dll
0x00007ffdff8d0000 - 0x00007ffdff8e0000 	D:\Desarrollo\IDEs\sts-4.14.0.RELEASE\plugins\org.eclipse.justj.openjdk.hotspot.jre.full.win32.x86_64_17.0.2.v20220201-1208\jre\bin\verify.dll
0x00007ffdff910000 - 0x00007ffdff919000 	D:\Desarrollo\IDEs\sts-4.14.0.RELEASE\plugins\org.eclipse.justj.openjdk.hotspot.jre.full.win32.x86_64_17.0.2.v20220201-1208\jre\bin\management.dll
0x00007ffdfac80000 - 0x00007ffdfac8b000 	D:\Desarrollo\IDEs\sts-4.14.0.RELEASE\plugins\org.eclipse.justj.openjdk.hotspot.jre.full.win32.x86_64_17.0.2.v20220201-1208\jre\bin\management_ext.dll
0x00007ffde8f40000 - 0x00007ffde8f57000 	C:\WINDOWS\system32\napinsp.dll
0x00007ffde8f20000 - 0x00007ffde8f3b000 	C:\WINDOWS\system32\pnrpnsp.dll
0x00007ffde8f00000 - 0x00007ffde8f15000 	C:\WINDOWS\system32\wshbth.dll
0x00007ffe008e0000 - 0x00007ffe008fd000 	C:\WINDOWS\system32\NLAapi.dll
0x00007ffde8bd0000 - 0x00007ffde8be2000 	C:\WINDOWS\System32\winrnr.dll
0x00007ffe048c0000 - 0x00007ffe048d8000 	C:\WINDOWS\SYSTEM32\CRYPTSP.dll
0x00007ffe03fe0000 - 0x00007ffe04014000 	C:\WINDOWS\system32\rsaenh.dll
0x00007ffe04e00000 - 0x00007ffe04e2e000 	C:\WINDOWS\SYSTEM32\USERENV.dll
0x00007ffe048e0000 - 0x00007ffe048ec000 	C:\WINDOWS\SYSTEM32\CRYPTBASE.dll
0x00007ffdfc840000 - 0x00007ffdfc857000 	C:\WINDOWS\SYSTEM32\dhcpcsvc6.DLL
0x00007ffdfd5e0000 - 0x00007ffdfd5fd000 	C:\WINDOWS\SYSTEM32\dhcpcsvc.DLL
0x00007ffdfe7a0000 - 0x00007ffdfe7ae000 	D:\Desarrollo\IDEs\sts-4.14.0.RELEASE\plugins\org.eclipse.justj.openjdk.hotspot.jre.full.win32.x86_64_17.0.2.v20220201-1208\jre\bin\sunmscapi.dll
0x00007ffe054e0000 - 0x00007ffe05636000 	C:\WINDOWS\System32\CRYPT32.dll
0x00007ffe049e0000 - 0x00007ffe04a07000 	C:\WINDOWS\SYSTEM32\ncrypt.dll
0x00007ffe049a0000 - 0x00007ffe049db000 	C:\WINDOWS\SYSTEM32\NTASN1.dll
0x00007ffdf3ec0000 - 0x00007ffdf3ec7000 	C:\WINDOWS\system32\wshunix.dll

dbghelp: loaded successfully - version: 4.0.5 - missing functions: none
symbol engine: initialized successfully - sym options: 0x614 - pdb path: .;D:\Desarrollo\IDEs\sts-4.14.0.RELEASE\plugins\org.eclipse.justj.openjdk.hotspot.jre.full.win32.x86_64_17.0.2.v20220201-1208\jre\bin;C:\WINDOWS\SYSTEM32;C:\WINDOWS\WinSxS\amd64_microsoft.windows.common-controls_6595b64144ccf1df_6.0.19041.1110_none_60b5254171f9507e;D:\Desarrollo\IDEs\sts-4.14.0.RELEASE\plugins\org.eclipse.justj.openjdk.hotspot.jre.full.win32.x86_64_17.0.2.v20220201-1208\jre\bin\server

VM Arguments:
jvm_args: -XX:+ShowCodeDetailsInExceptionMessages -agentlib:jdwp=transport=dt_socket,suspend=y,address=localhost:49448 -Dcom.sun.management.jmxremote -Dcom.sun.management.jmxremote.port=49446 -Dcom.sun.management.jmxremote.authenticate=false -Dcom.sun.management.jmxremote.ssl=false -Djava.rmi.server.hostname=localhost -Dspring.jmx.enabled=true -Dspring.application.admin.enabled=true -XX:TieredStopAtLevel=1 -Dspring.boot.project.name=comercio -javaagent:D:\Desarrollo\IDEs\sts-4.14.0.RELEASE\configuration\org.eclipse.osgi\265\0\.cp\lib\javaagent-shaded.jar -Dfile.encoding=UTF-8 
java_command: ec.com.comercio.ComercioApplication --spring.output.ansi.enabled=always
java_class_path (initial): D:\Desarrollo\david_sanguano-Comercio\comercio\target\classes;C:\Users\Tanatosam\.m2\repository\org\springframework\boot\spring-boot-starter-data-jpa\2.6.7\spring-boot-starter-data-jpa-2.6.7.jar;C:\Users\Tanatosam\.m2\repository\org\springframework\boot\spring-boot-starter-aop\2.6.7\spring-boot-starter-aop-2.6.7.jar;C:\Users\Tanatosam\.m2\repository\org\springframework\spring-aop\5.3.19\spring-aop-5.3.19.jar;C:\Users\Tanatosam\.m2\repository\org\aspectj\aspectjweaver\1.9.7\aspectjweaver-1.9.7.jar;C:\Users\Tanatosam\.m2\repository\org\springframework\boot\spring-boot-starter-jdbc\2.6.7\spring-boot-starter-jdbc-2.6.7.jar;C:\Users\Tanatosam\.m2\repository\com\zaxxer\HikariCP\4.0.3\HikariCP-4.0.3.jar;C:\Users\Tanatosam\.m2\repository\org\springframework\spring-jdbc\5.3.19\spring-jdbc-5.3.19.jar;C:\Users\Tanatosam\.m2\repository\jakarta\transaction\jakarta.transaction-api\1.3.3\jakarta.transaction-api-1.3.3.jar;C:\Users\Tanatosam\.m2\repository\jakarta\persistence\jakarta.persistence-api\2.2.3\jakarta.persistence-api-2.2.3.jar;C:\Users\Tanatosam\.m2\repository\org\hibernate\hibernate-core\5.6.8.Final\hibernate-core-5.6.8.Final.jar;C:\Users\Tanatosam\.m2\repository\org\jboss\logging\jboss-logging\3.4.3.Final\jboss-logging-3.4.3.Final.jar;C:\Users\Tanatosam\.m2\repository\net\bytebuddy\byte-buddy\1.11.22\byte-buddy-1.11.22.jar;C:\Users\Tanatosam\.m2\repository\antlr\antlr\2.7.7\antlr-2.7.7.jar;C:\Users\Tanatosam\.m2\repository\org\jboss\jandex\2.4.2.Final\jandex-2.4.2.Final.jar;C:\Users\Tanatosam\.m2\repository\com\fasterxml\classmate\1.5.1\classmate-1.5.1.jar;C:\Users\Tanatosam\.m2\repository\org\hibernate\common\hibernate-commons-annotations\5.1.2.Final\hibernate-commons-annotations-5.1.2.Final.jar;C:\Users\Tanatosam\.m2\repository\org\glassfish\jaxb\jaxb-runtime\2.3.6\jaxb-runtime-2.3.6.jar;C:\Users\Tanatosam\.m2\repository\org\glassfish\jaxb\txw2\2.3.6\txw2-2.3.6.jar;C:\Users\Tanatosam\.m2\repository\com\sun\istack\istack-commons-runtime\3.
Launcher Type: SUN_STANDARD

[Global flags]
     intx CICompilerCount                          = 4                                         {product} {ergonomic}
     uint ConcGCThreads                            = 2                                         {product} {ergonomic}
     uint G1ConcRefinementThreads                  = 8                                         {product} {ergonomic}
   size_t G1HeapRegionSize                         = 2097152                                   {product} {ergonomic}
    uintx GCDrainStackTargetSize                   = 64                                        {product} {ergonomic}
   size_t InitialHeapSize                          = 268435456                                 {product} {ergonomic}
     bool ManagementServer                         = true                                      {product} {command line}
   size_t MarkStackSize                            = 4194304                                   {product} {ergonomic}
   size_t MaxHeapSize                              = 4265607168                                {product} {ergonomic}
   size_t MaxNewSize                               = 2558525440                                {product} {ergonomic}
   size_t MinHeapDeltaBytes                        = 2097152                                   {product} {ergonomic}
   size_t MinHeapSize                              = 8388608                                   {product} {ergonomic}
    uintx NonProfiledCodeHeapSize                  = 0                                      {pd product} {ergonomic}
     bool ProfileInterpreter                       = false                                  {pd product} {command line}
    uintx ProfiledCodeHeapSize                     = 0                                      {pd product} {ergonomic}
     bool ShowCodeDetailsInExceptionMessages       = true                                   {manageable} {command line}
   size_t SoftMaxHeapSize                          = 4265607168                             {manageable} {ergonomic}
     intx TieredStopAtLevel                        = 1                                         {product} {command line}
     bool UseCompressedClassPointers               = true                           {product lp64_product} {ergonomic}
     bool UseCompressedOops                        = true                           {product lp64_product} {ergonomic}
     bool UseG1GC                                  = true                                      {product} {ergonomic}
     bool UseLargePagesIndividualAllocation        = false                                  {pd product} {ergonomic}

Logging:
Log output configuration:
 #0: stdout all=warning uptime,level,tags
 #1: stderr all=off uptime,level,tags

Environment Variables:
JAVA_HOME=C:\Program Files\Java\jdk1.8.0_151
PATH=D:\Desarrollo\IDEs\sts-4.14.0.RELEASE\plugins\org.eclipse.justj.openjdk.hotspot.jre.full.win32.x86_64_17.0.2.v20220201-1208\jre\bin;D:/Desarrollo/IDEs/sts-4.14.0.RELEASE//plugins/org.eclipse.justj.openjdk.hotspot.jre.full.win32.x86_64_17.0.2.v20220201-1208/jre/bin/server;D:/Desarrollo/IDEs/sts-4.14.0.RELEASE//plugins/org.eclipse.justj.openjdk.hotspot.jre.full.win32.x86_64_17.0.2.v20220201-1208/jre/bin;C:\Program Files\Common Files\Oracle\Java\javapath;C:\Program Files (x86)\Common Files\Oracle\Java\javapath;C:\Program Files (x86)\Common Files\Intel\Shared Libraries\redist\ia32\compiler;C:\Program Files\AdoptOpenJDK\jdk-11.0.10.9-hotspot\bin;C:\Program Files (x86)\Common Files\Intel\Shared Libraries\redist\intel64\compiler;C:\ProgramData\Oracle\Java\javapath;C:\Program Files (x86)\Intel\iCLS Client\;C:\Program Files\Intel\iCLS Client\;C:\Windows\system32;C:\Windows;C:\Windows\System32\Wbem;C:\Windows\System32\WindowsPowerShell\v1.0\;C:\Program Files (x86)\NVIDIA Corporation\PhysX\Common;C:\Program Files (x86)\Intel\Intel(R) Management Engine Components\DAL;C:\Program Files\Intel\Intel(R) Management Engine Components\DAL;C:\Program Files (x86)\Intel\Intel(R) Management Engine Components\IPT;C:\Program Files\Intel\Intel(R) Management Engine Components\IPT;C:\WINDOWS\system32;C:\WINDOWS;C:\WINDOWS\System32\Wbem;C:\WINDOWS\System32\WindowsPowerShell\v1.0\;C:\Program Files\Java\jdk1.8.0_151\bin;C:\Maven\apache-maven-3.6.3\bin;D:\Program Files (x86)\QuickTime\QTSystem\;C:\Program Files\MongoDB\Server\3.6\bin;C:\WINDOWS\System32\OpenSSH\;C:\Program Files\Microsoft VS Code\bin;D:\xampp\php;C:\ProgramData\ComposerSetup\bin;C:\Program Files\NVIDIA Corporation\NVIDIA NvDLISR;D:\Desarrollo\Servers\Tomcat\NetBeans\apache-tomcat-8.5.42\bin;C:\WINDOWS\system32;C:\WINDOWS;C:\WINDOWS\System32\Wbem;C:\WINDOWS\System32\WindowsPowerShell\v1.0\;C:\WINDOWS\System32\OpenSSH\;C:\Program Files\Microsoft SQL Server\130\Tools\Binn\;C:\Program Files\Intel\WiFi\bin\;C:\Program Files\Common Fil
USERNAME=Tanatosam
OS=Windows_NT
PROCESSOR_IDENTIFIER=Intel64 Family 6 Model 158 Stepping 9, GenuineIntel



---------------  S Y S T E M  ---------------

OS:
 Windows 10 , 64 bit Build 19041 (10.0.19041.1645)
OS uptime: 5 days 7:59 hours

CPU: total 8 (initial active 8) (4 cores per cpu, 2 threads per core) family 6 model 158 stepping 9 microcode 0xb4, cx8, cmov, fxsr, ht, mmx, 3dnowpref, sse, sse2, sse3, ssse3, sse4.1, sse4.2, popcnt, lzcnt, tsc, tscinvbit, avx, avx2, aes, erms, clmul, bmi1, bmi2, adx, fma, vzeroupper, clflush, clflushopt

Memory: 4k page, system-wide physical 16268M (4812M free)
TotalPageFile size 30604M (AvailPageFile size 10987M)
current process WorkingSet (physical memory assigned to process): 239M, peak: 289M
current process commit charge ("private bytes"): 273M, peak: 366M

vm_info: OpenJDK 64-Bit Server VM (17.0.2+8) for windows-amd64 JRE (17.0.2+8), built on Jan 20 2022 04:52:34 by "" with MS VC++ 16.7 (VS2019)

END.
